[0m09:34:14.516114 [debug] [MainThread]: Sending event: {'category': 'dbt', 'action': 'invocation', 'label': 'start', 'context': [<snowplow_tracker.self_describing_json.SelfDescribingJson object at 0x107230dd0>, <snowplow_tracker.self_describing_json.SelfDescribingJson object at 0x10723c610>, <snowplow_tracker.self_describing_json.SelfDescribingJson object at 0x10723d0d0>]}


============================== 09:34:14.518667 | 43a147c0-37b0-4e91-8956-5a36253eef5e ==============================
[0m09:34:14.518667 [info ] [MainThread]: Running with dbt=1.9.2
[0m09:34:14.518992 [debug] [MainThread]: running dbt with arguments {'printer_width': '80', 'indirect_selection': 'eager', 'write_json': 'True', 'log_cache_events': 'False', 'partial_parse': 'True', 'cache_selected_only': 'False', 'warn_error': 'None', 'fail_fast': 'False', 'version_check': 'True', 'log_path': 'logs', 'debug': 'False', 'profiles_dir': '/Users/ramonwinkler/.dbt', 'use_colors': 'True', 'use_experimental_parser': 'False', 'no_print': 'None', 'quiet': 'False', 'empty': 'None', 'log_format': 'default', 'introspect': 'True', 'static_parser': 'True', 'invocation_command': 'dbt init', 'target_path': 'None', 'warn_error_options': 'WarnErrorOptions(include=[], exclude=[])', 'send_anonymous_usage_stats': 'True'}
[0m09:34:39.789308 [debug] [MainThread]: Starter project path: /Users/ramonwinkler/anaconda3/lib/python3.11/site-packages/dbt/include/starter_project
[0m09:34:39.802779 [info ] [MainThread]: 
Your new dbt project "custom_postgres" was created!

For more information on how to configure the profiles.yml file,
please consult the dbt documentation here:

  https://docs.getdbt.com/docs/configure-your-profile

One more thing:

Need help? Don't hesitate to reach out to us via GitHub issues or on Slack:

  https://community.getdbt.com/

Happy modeling!

[0m09:34:39.803505 [info ] [MainThread]: Setting up your profile.
[0m09:35:16.948707 [info ] [MainThread]: Profile custom_postgres written to /Users/ramonwinkler/.dbt/profiles.yml using target's profile_template.yml and your supplied values. Run 'dbt debug' to validate the connection.
[0m09:35:16.953718 [debug] [MainThread]: Resource report: {"command_name": "init", "command_success": true, "command_wall_clock_time": 62.4675, "process_in_blocks": "0", "process_kernel_time": 0.16267, "process_mem_max_rss": "107708416", "process_out_blocks": "0", "process_user_time": 0.543812}
[0m09:35:16.954920 [debug] [MainThread]: Command `dbt init` succeeded at 09:35:16.954650 after 62.47 seconds
[0m09:35:16.955519 [debug] [MainThread]: Sending event: {'category': 'dbt', 'action': 'invocation', 'label': 'end', 'context': [<snowplow_tracker.self_describing_json.SelfDescribingJson object at 0x1070c7990>, <snowplow_tracker.self_describing_json.SelfDescribingJson object at 0x10723c8d0>, <snowplow_tracker.self_describing_json.SelfDescribingJson object at 0x1032d6d10>]}
[0m09:35:16.955954 [debug] [MainThread]: Flushing usage events
[0m09:35:17.405766 [debug] [MainThread]: An error was encountered while trying to flush usage events
